[debug] [2021-10-08T18:02:12.338Z] ----------------------------------------------------------------------
[debug] [2021-10-08T18:02:12.342Z] Command:       C:\Program Files\nodejs\node.exe C:\Users\hp\AppData\Roaming\npm\node_modules\firebase-tools\lib\bin\firebase.js deploy --only functions
[debug] [2021-10-08T18:02:12.342Z] CLI Version:   9.20.0
[debug] [2021-10-08T18:02:12.342Z] Platform:      win32
[debug] [2021-10-08T18:02:12.342Z] Node Version:  v14.17.3
[debug] [2021-10-08T18:02:12.344Z] Time:          Fri Oct 08 2021 23:32:12 GMT+0530 (India Standard Time)
[debug] [2021-10-08T18:02:12.344Z] ----------------------------------------------------------------------
[debug] 
[debug] [2021-10-08T18:02:12.426Z] > command requires scopes: ["email","openid","https://www.googleapis.com/auth/cloudplatformprojects.readonly","https://www.googleapis.com/auth/firebase","https://www.googleapis.com/auth/cloud-platform"]
[debug] [2021-10-08T18:02:12.426Z] > authorizing via signed-in user (emmanueldavid1320@gmail.com)
[debug] [2021-10-08T18:02:12.427Z] [iam] checking project mail-mate for permissions ["cloudfunctions.functions.create","cloudfunctions.functions.delete","cloudfunctions.functions.get","cloudfunctions.functions.list","cloudfunctions.functions.update","cloudfunctions.operations.get","firebase.projects.get"]
[debug] [2021-10-08T18:02:12.430Z] >>> HTTP REQUEST POST https://cloudresourcemanager.googleapis.com/v1/projects/mail-mate:testIamPermissions  
 {"permissions":["cloudfunctions.functions.create","cloudfunctions.functions.delete","cloudfunctions.functions.get","cloudfunctions.functions.list","cloudfunctions.functions.update","cloudfunctions.operations.get","firebase.projects.get"]}
[debug] [2021-10-08T18:02:13.686Z] <<< HTTP RESPONSE 200 {"content-type":"application/json; charset=UTF-8","vary":"X-Origin, Referer, Origin,Accept-Encoding","date":"Fri, 08 Oct 2021 18:02:13 GMT","server":"ESF","cache-control":"private","x-xss-protection":"0","x-frame-options":"SAMEORIGIN","x-content-type-options":"nosniff","server-timing":"gfet4t7; dur=1157","alt-svc":"h3=\":443\"; ma=2592000,h3-29=\":443\"; ma=2592000,h3-T051=\":443\"; ma=2592000,h3-Q050=\":443\"; ma=2592000,h3-Q046=\":443\"; ma=2592000,h3-Q043=\":443\"; ma=2592000,quic=\":443\"; ma=2592000; v=\"46,43\"","accept-ranges":"none","transfer-encoding":"chunked"}
[debug] [2021-10-08T18:02:13.690Z] >>> HTTP REQUEST POST https://iam.googleapis.com/v1/projects/mail-mate/serviceAccounts/mail-mate@appspot.gserviceaccount.com:testIamPermissions  
 {"permissions":["iam.serviceAccounts.actAs"]}
[debug] [2021-10-08T18:02:15.021Z] <<< HTTP RESPONSE 200 {"content-type":"application/json; charset=UTF-8","vary":"X-Origin, Referer, Origin,Accept-Encoding","date":"Fri, 08 Oct 2021 18:02:15 GMT","server":"ESF","cache-control":"private","x-xss-protection":"0","x-frame-options":"SAMEORIGIN","x-content-type-options":"nosniff","alt-svc":"h3=\":443\"; ma=2592000,h3-29=\":443\"; ma=2592000,h3-T051=\":443\"; ma=2592000,h3-Q050=\":443\"; ma=2592000,h3-Q046=\":443\"; ma=2592000,h3-Q043=\":443\"; ma=2592000,quic=\":443\"; ma=2592000; v=\"46,43\"","accept-ranges":"none","transfer-encoding":"chunked"}
[info] 
[info] === Deploying to 'mail-mate'...
[info] 
[info] i  deploying functions 
[info] +  functions: Finished running predeploy script. 
[debug] [2021-10-08T18:02:15.037Z] Validating nodejs source
[warn] !  functions: package.json indicates an outdated version of firebase-functions.
Please upgrade using npm install --save firebase-functions@latest in your functions directory. 
[debug] [2021-10-08T18:02:19.580Z] > [functions] package.json contents: {
  "name": "functions",
  "description": "Cloud Functions for Firebase",
  "scripts": {
    "serve": "firebase emulators:start --only functions",
    "shell": "firebase functions:shell",
    "start": "npm run shell",
    "deploy": "firebase deploy --only functions",
    "logs": "firebase functions:log"
  },
  "engines": {
    "node": "14"
  },
  "main": "index.js",
  "dependencies": {
    "cors": "^2.8.5",
    "express": "^4.17.1",
    "firebase-admin": "^9.8.0",
    "firebase-functions": "^3.14.1",
    "nodemailer": "^6.6.5"
  },
  "devDependencies": {
    "firebase-functions-test": "^0.2.0"
  },
  "private": true
}
[debug] [2021-10-08T18:02:19.580Z] Building nodejs source
[info] i  functions: ensuring required API cloudfunctions.googleapis.com is enabled... 
[info] i  functions: ensuring required API cloudbuild.googleapis.com is enabled... 
[debug] [2021-10-08T18:02:19.584Z] >>> HTTP REQUEST GET https://serviceusage.googleapis.com/v1/projects/mail-mate/services/cloudfunctions.googleapis.com  
 
[debug] [2021-10-08T18:02:19.585Z] >>> HTTP REQUEST GET https://serviceusage.googleapis.com/v1/projects/mail-mate/services/runtimeconfig.googleapis.com  
 
[debug] [2021-10-08T18:02:19.585Z] >>> HTTP REQUEST GET https://serviceusage.googleapis.com/v1/projects/mail-mate/services/cloudbuild.googleapis.com  
 
[debug] [2021-10-08T18:02:21.140Z] <<< HTTP RESPONSE 200 {"content-type":"application/json; charset=UTF-8","vary":"X-Origin, Referer, Origin,Accept-Encoding","date":"Fri, 08 Oct 2021 18:02:21 GMT","server":"ESF","cache-control":"private","x-xss-protection":"0","x-frame-options":"SAMEORIGIN","x-content-type-options":"nosniff","alt-svc":"h3=\":443\"; ma=2592000,h3-29=\":443\"; ma=2592000,h3-T051=\":443\"; ma=2592000,h3-Q050=\":443\"; ma=2592000,h3-Q046=\":443\"; ma=2592000,h3-Q043=\":443\"; ma=2592000,quic=\":443\"; ma=2592000; v=\"46,43\"","accept-ranges":"none","transfer-encoding":"chunked"}
[info] +  functions: required API cloudbuild.googleapis.com is enabled 
[debug] [2021-10-08T18:02:21.146Z] <<< HTTP RESPONSE 200 {"content-type":"application/json; charset=UTF-8","vary":"X-Origin, Referer, Origin,Accept-Encoding","date":"Fri, 08 Oct 2021 18:02:21 GMT","server":"ESF","cache-control":"private","x-xss-protection":"0","x-frame-options":"SAMEORIGIN","x-content-type-options":"nosniff","alt-svc":"h3=\":443\"; ma=2592000,h3-29=\":443\"; ma=2592000,h3-T051=\":443\"; ma=2592000,h3-Q050=\":443\"; ma=2592000,h3-Q046=\":443\"; ma=2592000,h3-Q043=\":443\"; ma=2592000,quic=\":443\"; ma=2592000; v=\"46,43\"","accept-ranges":"none","transfer-encoding":"chunked"}
[debug] [2021-10-08T18:02:21.172Z] <<< HTTP RESPONSE 200 {"content-type":"application/json; charset=UTF-8","vary":"X-Origin, Referer, Origin,Accept-Encoding","date":"Fri, 08 Oct 2021 18:02:21 GMT","server":"ESF","cache-control":"private","x-xss-protection":"0","x-frame-options":"SAMEORIGIN","x-content-type-options":"nosniff","alt-svc":"h3=\":443\"; ma=2592000,h3-29=\":443\"; ma=2592000,h3-T051=\":443\"; ma=2592000,h3-Q050=\":443\"; ma=2592000,h3-Q046=\":443\"; ma=2592000,h3-Q043=\":443\"; ma=2592000,quic=\":443\"; ma=2592000; v=\"46,43\"","accept-ranges":"none","transfer-encoding":"chunked"}
[info] +  functions: required API cloudfunctions.googleapis.com is enabled 
[debug] [2021-10-08T18:02:21.176Z] >>> HTTP REQUEST GET https://firebase.googleapis.com/v1beta1/projects/mail-mate/adminSdkConfig  
 
[debug] [2021-10-08T18:02:21.692Z] <<< HTTP RESPONSE 200 {"content-type":"application/json; charset=UTF-8","vary":"X-Origin, Referer, Origin,Accept-Encoding","date":"Fri, 08 Oct 2021 18:02:22 GMT","server":"ESF","cache-control":"private","x-xss-protection":"0","x-frame-options":"SAMEORIGIN","x-content-type-options":"nosniff","alt-svc":"h3=\":443\"; ma=2592000,h3-29=\":443\"; ma=2592000,h3-T051=\":443\"; ma=2592000,h3-Q050=\":443\"; ma=2592000,h3-Q046=\":443\"; ma=2592000,h3-Q043=\":443\"; ma=2592000,quic=\":443\"; ma=2592000; v=\"46,43\"","accept-ranges":"none","transfer-encoding":"chunked"}
[debug] [2021-10-08T18:02:21.693Z] >>> HTTP REQUEST GET https://runtimeconfig.googleapis.com/v1beta1/projects/mail-mate/configs  
 
[debug] [2021-10-08T18:02:22.131Z] <<< HTTP RESPONSE 200 {"content-type":"application/json; charset=UTF-8","vary":"X-Origin, Referer, Origin,Accept-Encoding","date":"Fri, 08 Oct 2021 18:02:22 GMT","server":"ESF","cache-control":"private","x-xss-protection":"0","x-frame-options":"SAMEORIGIN","x-content-type-options":"nosniff","alt-svc":"h3=\":443\"; ma=2592000,h3-29=\":443\"; ma=2592000,h3-T051=\":443\"; ma=2592000,h3-Q050=\":443\"; ma=2592000,h3-Q046=\":443\"; ma=2592000,h3-Q043=\":443\"; ma=2592000,quic=\":443\"; ma=2592000; v=\"46,43\"","accept-ranges":"none","transfer-encoding":"chunked"}
[debug] [2021-10-08T18:02:22.136Z] Analyzing nodejs backend spec
[info] i  functions: preparing functions directory for uploading... 
[info] i  functions: packaged functions (25.55 KB) for uploading 
[debug] [2021-10-08T18:02:22.601Z] >>> HTTP REQUEST GET https://cloudfunctions.googleapis.com/v1/projects/mail-mate/locations/-/functions  
 
[debug] [2021-10-08T18:02:23.245Z] <<< HTTP RESPONSE 200 {"content-type":"application/json; charset=UTF-8","vary":"X-Origin, Referer, Origin,Accept-Encoding","date":"Fri, 08 Oct 2021 18:02:23 GMT","server":"ESF","cache-control":"private","x-xss-protection":"0","x-frame-options":"SAMEORIGIN","x-content-type-options":"nosniff","alt-svc":"h3=\":443\"; ma=2592000,h3-29=\":443\"; ma=2592000,h3-T051=\":443\"; ma=2592000,h3-Q050=\":443\"; ma=2592000,h3-Q046=\":443\"; ma=2592000,h3-Q043=\":443\"; ma=2592000,quic=\":443\"; ma=2592000; v=\"46,43\"","accept-ranges":"none","transfer-encoding":"chunked"}
[debug] [2021-10-08T18:02:23.250Z] >>> HTTP REQUEST POST https://cloudfunctions.googleapis.com/v1/projects/mail-mate/locations/us-central1/functions:generateUploadUrl  
 
[debug] [2021-10-08T18:02:24.041Z] <<< HTTP RESPONSE 200 {"content-type":"application/json; charset=UTF-8","vary":"X-Origin, Referer, Origin,Accept-Encoding","date":"Fri, 08 Oct 2021 18:02:24 GMT","server":"ESF","cache-control":"private","x-xss-protection":"0","x-frame-options":"SAMEORIGIN","x-content-type-options":"nosniff","alt-svc":"h3=\":443\"; ma=2592000,h3-29=\":443\"; ma=2592000,h3-T051=\":443\"; ma=2592000,h3-Q050=\":443\"; ma=2592000,h3-Q046=\":443\"; ma=2592000,h3-Q043=\":443\"; ma=2592000,quic=\":443\"; ma=2592000; v=\"46,43\"","accept-ranges":"none","transfer-encoding":"chunked"}
[debug] [2021-10-08T18:02:24.044Z] >>> HTTP REQUEST PUT https://storage.googleapis.com/gcf-upload-us-central1-0a84b1d3-cd14-4124-a800-759c94c4a64f/87a40b26-8767-431c-9427-492a1c899656.zip?GoogleAccessId=service-992200101366@gcf-admin-robot.iam.gserviceaccount.com&Expires=1633717944&Signature=Gb5ELHteNX4dBhYXco8ReYzy0IeYy1BaTLkM%2BAmbCCO80w%2FRsyH357QyNO1GxWTGOYabPFEMMaTtDJMc%2BDEpk96BXcvajAWSbp59POf24Rg9g%2FG631Aq77oam18tlQ4vrLWOmoPF5IGrtBGPbZuTvq6LWsv%2BB1X6jNGYPv%2FCuR8PJiVNnap56mbKhzifghZ42GFfYXK%2FHkQDXzoZxychZ6l77oZUUTrHwntvAqH17vTuaeWLV4uOdt5V5pRcsBfmoR0FgkaIpuI0cZ5IKNlMhfN8wBDL2db%2Ba2IN%2Bu%2Bewk2Ea3jNjn8kb6Utl0xYFkfCN2N4Y%2BP3k0r08%2FuXKDB29g%3D%3D  
 <request body omitted>
[debug] [2021-10-08T18:02:24.511Z] <<< HTTP RESPONSE 200 {"x-guploader-uploadid":"ADPycdtp5DHFgGQGQurAhjmZW4g3KieeHZvMkhBRR90wBf7gv-YmqDueiywMQr36pqsq_sZEs-GAlWdehjTEz5icUQUZF2w4TA","etag":"\"8536c5885c17ade1921c5f6a95591918\"","x-goog-generation":"1633716144750941","x-goog-metageneration":"1","x-goog-hash":"crc32c=YYW9pQ==, md5=hTbFiFwXreGSHF9qlVkZGA==","x-goog-stored-content-length":"26166","x-goog-stored-content-encoding":"identity","vary":"Origin","content-length":"0","date":"Fri, 08 Oct 2021 18:02:24 GMT","server":"UploadServer","content-type":"text/html; charset=UTF-8","alt-svc":"h3=\":443\"; ma=2592000,h3-29=\":443\"; ma=2592000,h3-T051=\":443\"; ma=2592000,h3-Q050=\":443\"; ma=2592000,h3-Q046=\":443\"; ma=2592000,h3-Q043=\":443\"; ma=2592000,quic=\":443\"; ma=2592000; v=\"46,43\""}
[info] +  functions: functions folder uploaded successfully 
[info] i  functions: updating Node.js 14 function api(us-central1)... 
[debug] [2021-10-08T18:02:24.532Z] >>> HTTP REQUEST PATCH https://cloudfunctions.googleapis.com/v1/projects/mail-mate/locations/us-central1/functions/api {"updateMask":"name,sourceUploadUrl,entryPoint,runtime,httpsTrigger,labels,environmentVariables"} 
 {"name":"projects/mail-mate/locations/us-central1/functions/api","sourceUploadUrl":"https://storage.googleapis.com/gcf-upload-us-central1-0a84b1d3-cd14-4124-a800-759c94c4a64f/87a40b26-8767-431c-9427-492a1c899656.zip?GoogleAccessId=service-992200101366@gcf-admin-robot.iam.gserviceaccount.com&Expires=1633717944&Signature=Gb5ELHteNX4dBhYXco8ReYzy0IeYy1BaTLkM%2BAmbCCO80w%2FRsyH357QyNO1GxWTGOYabPFEMMaTtDJMc%2BDEpk96BXcvajAWSbp59POf24Rg9g%2FG631Aq77oam18tlQ4vrLWOmoPF5IGrtBGPbZuTvq6LWsv%2BB1X6jNGYPv%2FCuR8PJiVNnap56mbKhzifghZ42GFfYXK%2FHkQDXzoZxychZ6l77oZUUTrHwntvAqH17vTuaeWLV4uOdt5V5pRcsBfmoR0FgkaIpuI0cZ5IKNlMhfN8wBDL2db%2Ba2IN%2Bu%2Bewk2Ea3jNjn8kb6Utl0xYFkfCN2N4Y%2BP3k0r08%2FuXKDB29g%3D%3D","entryPoint":"api","runtime":"nodejs14","httpsTrigger":{},"labels":{"deployment-tool":"cli-firebase"},"environmentVariables":{"FIREBASE_CONFIG":"{\"projectId\":\"mail-mate\",\"databaseURL\":\"https://mail-mate-default-rtdb.firebaseio.com\",\"storageBucket\":\"mail-mate.appspot.com\"}","GCLOUD_PROJECT":"mail-mate"}}
[debug] [2021-10-08T18:02:25.130Z] <<< HTTP RESPONSE 200 {"content-type":"application/json; charset=UTF-8","vary":"X-Origin, Referer, Origin,Accept-Encoding","date":"Fri, 08 Oct 2021 18:02:25 GMT","server":"ESF","cache-control":"private","x-xss-protection":"0","x-frame-options":"SAMEORIGIN","x-content-type-options":"nosniff","alt-svc":"h3=\":443\"; ma=2592000,h3-29=\":443\"; ma=2592000,h3-T051=\":443\"; ma=2592000,h3-Q050=\":443\"; ma=2592000,h3-Q046=\":443\"; ma=2592000,h3-Q043=\":443\"; ma=2592000,quic=\":443\"; ma=2592000; v=\"46,43\"","accept-ranges":"none","transfer-encoding":"chunked"}
[debug] [2021-10-08T18:02:25.133Z] > refreshing access token with scopes: []
[debug] [2021-10-08T18:02:25.134Z] >>> HTTP REQUEST POST https://www.googleapis.com/oauth2/v3/token  
 <request body omitted>
[debug] [2021-10-08T18:02:25.254Z] <<< HTTP RESPONSE 200 {"cache-control":"no-cache, no-store, max-age=0, must-revalidate","expires":"Mon, 01 Jan 1990 00:00:00 GMT","date":"Fri, 08 Oct 2021 18:02:25 GMT","pragma":"no-cache","content-type":"application/json; charset=utf-8","vary":"X-Origin, Referer, Origin,Accept-Encoding","server":"scaffolding on HTTPServer2","x-xss-protection":"0","x-frame-options":"SAMEORIGIN","x-content-type-options":"nosniff","alt-svc":"h3=\":443\"; ma=2592000,h3-29=\":443\"; ma=2592000,h3-T051=\":443\"; ma=2592000,h3-Q050=\":443\"; ma=2592000,h3-Q046=\":443\"; ma=2592000,h3-Q043=\":443\"; ma=2592000,quic=\":443\"; ma=2592000; v=\"46,43\"","accept-ranges":"none","transfer-encoding":"chunked"}
[debug] [2021-10-08T18:02:25.283Z] >>> [apiv2][query] GET https://cloudfunctions.googleapis.com/v1/operations/bWFpbC1tYXRlL3VzLWNlbnRyYWwxL2FwaS9ramJ6cU1pZ1VsWQ [none]
[debug] [2021-10-08T18:02:25.697Z] <<< [apiv2][status] GET https://cloudfunctions.googleapis.com/v1/operations/bWFpbC1tYXRlL3VzLWNlbnRyYWwxL2FwaS9ramJ6cU1pZ1VsWQ 200
[debug] [2021-10-08T18:02:25.698Z] <<< [apiv2][body] GET https://cloudfunctions.googleapis.com/v1/operations/bWFpbC1tYXRlL3VzLWNlbnRyYWwxL2FwaS9ramJ6cU1pZ1VsWQ {"name":"operations/bWFpbC1tYXRlL3VzLWNlbnRyYWwxL2FwaS9ramJ6cU1pZ1VsWQ","metadata":{"@type":"type.googleapis.com/google.cloud.functions.v1.OperationMetadataV1","target":"projects/mail-mate/locations/us-central1/functions/api","type":"UPDATE_FUNCTION","request":{"@type":"type.googleapis.com/google.cloud.functions.v1.CloudFunction","name":"projects/mail-mate/locations/us-central1/functions/api","httpsTrigger":{},"status":"OFFLINE","entryPoint":"api","timeout":"60s","availableMemoryMb":256,"serviceAccountEmail":"mail-mate@appspot.gserviceaccount.com","updateTime":"2021-10-08T16:54:21.755Z","versionId":"3","labels":{"deployment-tool":"cli-firebase"},"sourceUploadUrl":"https://storage.googleapis.com/gcf-upload-us-central1-0a84b1d3-cd14-4124-a800-759c94c4a64f/87a40b26-8767-431c-9427-492a1c899656.zip?GoogleAccessId=service-992200101366@gcf-admin-robot.iam.gserviceaccount.com&Expires=1633717944&Signature=Gb5ELHteNX4dBhYXco8ReYzy0IeYy1BaTLkM%2BAmbCCO80w%2FRsyH357QyNO1GxWTGOYabPFEMMaTtDJMc%2BDEpk96BXcvajAWSbp59POf24Rg9g%2FG631Aq77oam18tlQ4vrLWOmoPF5IGrtBGPbZuTvq6LWsv%2BB1X6jNGYPv%2FCuR8PJiVNnap56mbKhzifghZ42GFfYXK%2FHkQDXzoZxychZ6l77oZUUTrHwntvAqH17vTuaeWLV4uOdt5V5pRcsBfmoR0FgkaIpuI0cZ5IKNlMhfN8wBDL2db%2Ba2IN%2Bu%2Bewk2Ea3jNjn8kb6Utl0xYFkfCN2N4Y%2BP3k0r08%2FuXKDB29g%3D%3D","environmentVariables":{"FIREBASE_CONFIG":"{\"projectId\":\"mail-mate\",\"databaseURL\":\"https://mail-mate-default-rtdb.firebaseio.com\",\"storageBucket\":\"mail-mate.appspot.com\"}","GCLOUD_PROJECT":"mail-mate"},"runtime":"nodejs14","ingressSettings":"ALLOW_ALL","buildId":"9062eb73-7c51-4ca6-8caf-ba4b66b3eac0","buildName":"projects/992200101366/locations/us-central1/builds/9062eb73-7c51-4ca6-8caf-ba4b66b3eac0"},"versionId":"4","updateTime":"2021-10-08T18:02:25Z","buildName":"projects/992200101366/locations/us-central1/builds/9062eb73-7c51-4ca6-8caf-ba4b66b3eac0"}}
[debug] [2021-10-08T18:02:26.205Z] [update-projects/mail-mate/locations/us-central1/functions/api] Retrying task index 0
[debug] [2021-10-08T18:02:26.206Z] >>> [apiv2][query] GET https://cloudfunctions.googleapis.com/v1/operations/bWFpbC1tYXRlL3VzLWNlbnRyYWwxL2FwaS9ramJ6cU1pZ1VsWQ [none]
[debug] [2021-10-08T18:02:26.620Z] <<< [apiv2][status] GET https://cloudfunctions.googleapis.com/v1/operations/bWFpbC1tYXRlL3VzLWNlbnRyYWwxL2FwaS9ramJ6cU1pZ1VsWQ 200
[debug] [2021-10-08T18:02:26.620Z] <<< [apiv2][body] GET https://cloudfunctions.googleapis.com/v1/operations/bWFpbC1tYXRlL3VzLWNlbnRyYWwxL2FwaS9ramJ6cU1pZ1VsWQ {"name":"operations/bWFpbC1tYXRlL3VzLWNlbnRyYWwxL2FwaS9ramJ6cU1pZ1VsWQ","metadata":{"@type":"type.googleapis.com/google.cloud.functions.v1.OperationMetadataV1","target":"projects/mail-mate/locations/us-central1/functions/api","type":"UPDATE_FUNCTION","request":{"@type":"type.googleapis.com/google.cloud.functions.v1.CloudFunction","name":"projects/mail-mate/locations/us-central1/functions/api","httpsTrigger":{},"status":"OFFLINE","entryPoint":"api","timeout":"60s","availableMemoryMb":256,"serviceAccountEmail":"mail-mate@appspot.gserviceaccount.com","updateTime":"2021-10-08T16:54:21.755Z","versionId":"3","labels":{"deployment-tool":"cli-firebase"},"sourceUploadUrl":"https://storage.googleapis.com/gcf-upload-us-central1-0a84b1d3-cd14-4124-a800-759c94c4a64f/87a40b26-8767-431c-9427-492a1c899656.zip?GoogleAccessId=service-992200101366@gcf-admin-robot.iam.gserviceaccount.com&Expires=1633717944&Signature=Gb5ELHteNX4dBhYXco8ReYzy0IeYy1BaTLkM%2BAmbCCO80w%2FRsyH357QyNO1GxWTGOYabPFEMMaTtDJMc%2BDEpk96BXcvajAWSbp59POf24Rg9g%2FG631Aq77oam18tlQ4vrLWOmoPF5IGrtBGPbZuTvq6LWsv%2BB1X6jNGYPv%2FCuR8PJiVNnap56mbKhzifghZ42GFfYXK%2FHkQDXzoZxychZ6l77oZUUTrHwntvAqH17vTuaeWLV4uOdt5V5pRcsBfmoR0FgkaIpuI0cZ5IKNlMhfN8wBDL2db%2Ba2IN%2Bu%2Bewk2Ea3jNjn8kb6Utl0xYFkfCN2N4Y%2BP3k0r08%2FuXKDB29g%3D%3D","environmentVariables":{"FIREBASE_CONFIG":"{\"projectId\":\"mail-mate\",\"databaseURL\":\"https://mail-mate-default-rtdb.firebaseio.com\",\"storageBucket\":\"mail-mate.appspot.com\"}","GCLOUD_PROJECT":"mail-mate"},"runtime":"nodejs14","ingressSettings":"ALLOW_ALL","buildId":"9062eb73-7c51-4ca6-8caf-ba4b66b3eac0","buildName":"projects/992200101366/locations/us-central1/builds/9062eb73-7c51-4ca6-8caf-ba4b66b3eac0"},"versionId":"4","updateTime":"2021-10-08T18:02:25Z","buildId":"893d650a-f28e-4e79-81e1-4da35a103352","buildName":"projects/992200101366/locations/us-central1/builds/893d650a-f28e-4e79-81e1-4da35a103352"}}
[debug] [2021-10-08T18:02:27.624Z] [update-projects/mail-mate/locations/us-central1/functions/api] Retrying task index 0
[debug] [2021-10-08T18:02:27.625Z] >>> [apiv2][query] GET https://cloudfunctions.googleapis.com/v1/operations/bWFpbC1tYXRlL3VzLWNlbnRyYWwxL2FwaS9ramJ6cU1pZ1VsWQ [none]
[debug] [2021-10-08T18:02:28.016Z] <<< [apiv2][status] GET https://cloudfunctions.googleapis.com/v1/operations/bWFpbC1tYXRlL3VzLWNlbnRyYWwxL2FwaS9ramJ6cU1pZ1VsWQ 200
[debug] [2021-10-08T18:02:28.017Z] <<< [apiv2][body] GET https://cloudfunctions.googleapis.com/v1/operations/bWFpbC1tYXRlL3VzLWNlbnRyYWwxL2FwaS9ramJ6cU1pZ1VsWQ {"name":"operations/bWFpbC1tYXRlL3VzLWNlbnRyYWwxL2FwaS9ramJ6cU1pZ1VsWQ","metadata":{"@type":"type.googleapis.com/google.cloud.functions.v1.OperationMetadataV1","target":"projects/mail-mate/locations/us-central1/functions/api","type":"UPDATE_FUNCTION","request":{"@type":"type.googleapis.com/google.cloud.functions.v1.CloudFunction","name":"projects/mail-mate/locations/us-central1/functions/api","httpsTrigger":{},"status":"OFFLINE","entryPoint":"api","timeout":"60s","availableMemoryMb":256,"serviceAccountEmail":"mail-mate@appspot.gserviceaccount.com","updateTime":"2021-10-08T16:54:21.755Z","versionId":"3","labels":{"deployment-tool":"cli-firebase"},"sourceUploadUrl":"https://storage.googleapis.com/gcf-upload-us-central1-0a84b1d3-cd14-4124-a800-759c94c4a64f/87a40b26-8767-431c-9427-492a1c899656.zip?GoogleAccessId=service-992200101366@gcf-admin-robot.iam.gserviceaccount.com&Expires=1633717944&Signature=Gb5ELHteNX4dBhYXco8ReYzy0IeYy1BaTLkM%2BAmbCCO80w%2FRsyH357QyNO1GxWTGOYabPFEMMaTtDJMc%2BDEpk96BXcvajAWSbp59POf24Rg9g%2FG631Aq77oam18tlQ4vrLWOmoPF5IGrtBGPbZuTvq6LWsv%2BB1X6jNGYPv%2FCuR8PJiVNnap56mbKhzifghZ42GFfYXK%2FHkQDXzoZxychZ6l77oZUUTrHwntvAqH17vTuaeWLV4uOdt5V5pRcsBfmoR0FgkaIpuI0cZ5IKNlMhfN8wBDL2db%2Ba2IN%2Bu%2Bewk2Ea3jNjn8kb6Utl0xYFkfCN2N4Y%2BP3k0r08%2FuXKDB29g%3D%3D","environmentVariables":{"FIREBASE_CONFIG":"{\"projectId\":\"mail-mate\",\"databaseURL\":\"https://mail-mate-default-rtdb.firebaseio.com\",\"storageBucket\":\"mail-mate.appspot.com\"}","GCLOUD_PROJECT":"mail-mate"},"runtime":"nodejs14","ingressSettings":"ALLOW_ALL","buildId":"9062eb73-7c51-4ca6-8caf-ba4b66b3eac0","buildName":"projects/992200101366/locations/us-central1/builds/9062eb73-7c51-4ca6-8caf-ba4b66b3eac0"},"versionId":"4","updateTime":"2021-10-08T18:02:25Z","buildId":"893d650a-f28e-4e79-81e1-4da35a103352","buildName":"projects/992200101366/locations/us-central1/builds/893d650a-f28e-4e79-81e1-4da35a103352"}}
[debug] [2021-10-08T18:02:30.019Z] [update-projects/mail-mate/locations/us-central1/functions/api] Retrying task index 0
[debug] [2021-10-08T18:02:30.022Z] >>> [apiv2][query] GET https://cloudfunctions.googleapis.com/v1/operations/bWFpbC1tYXRlL3VzLWNlbnRyYWwxL2FwaS9ramJ6cU1pZ1VsWQ [none]
[debug] [2021-10-08T18:02:30.451Z] <<< [apiv2][status] GET https://cloudfunctions.googleapis.com/v1/operations/bWFpbC1tYXRlL3VzLWNlbnRyYWwxL2FwaS9ramJ6cU1pZ1VsWQ 200
[debug] [2021-10-08T18:02:30.451Z] <<< [apiv2][body] GET https://cloudfunctions.googleapis.com/v1/operations/bWFpbC1tYXRlL3VzLWNlbnRyYWwxL2FwaS9ramJ6cU1pZ1VsWQ {"name":"operations/bWFpbC1tYXRlL3VzLWNlbnRyYWwxL2FwaS9ramJ6cU1pZ1VsWQ","metadata":{"@type":"type.googleapis.com/google.cloud.functions.v1.OperationMetadataV1","target":"projects/mail-mate/locations/us-central1/functions/api","type":"UPDATE_FUNCTION","request":{"@type":"type.googleapis.com/google.cloud.functions.v1.CloudFunction","name":"projects/mail-mate/locations/us-central1/functions/api","httpsTrigger":{},"status":"OFFLINE","entryPoint":"api","timeout":"60s","availableMemoryMb":256,"serviceAccountEmail":"mail-mate@appspot.gserviceaccount.com","updateTime":"2021-10-08T16:54:21.755Z","versionId":"3","labels":{"deployment-tool":"cli-firebase"},"sourceUploadUrl":"https://storage.googleapis.com/gcf-upload-us-central1-0a84b1d3-cd14-4124-a800-759c94c4a64f/87a40b26-8767-431c-9427-492a1c899656.zip?GoogleAccessId=service-992200101366@gcf-admin-robot.iam.gserviceaccount.com&Expires=1633717944&Signature=Gb5ELHteNX4dBhYXco8ReYzy0IeYy1BaTLkM%2BAmbCCO80w%2FRsyH357QyNO1GxWTGOYabPFEMMaTtDJMc%2BDEpk96BXcvajAWSbp59POf24Rg9g%2FG631Aq77oam18tlQ4vrLWOmoPF5IGrtBGPbZuTvq6LWsv%2BB1X6jNGYPv%2FCuR8PJiVNnap56mbKhzifghZ42GFfYXK%2FHkQDXzoZxychZ6l77oZUUTrHwntvAqH17vTuaeWLV4uOdt5V5pRcsBfmoR0FgkaIpuI0cZ5IKNlMhfN8wBDL2db%2Ba2IN%2Bu%2Bewk2Ea3jNjn8kb6Utl0xYFkfCN2N4Y%2BP3k0r08%2FuXKDB29g%3D%3D","environmentVariables":{"FIREBASE_CONFIG":"{\"projectId\":\"mail-mate\",\"databaseURL\":\"https://mail-mate-default-rtdb.firebaseio.com\",\"storageBucket\":\"mail-mate.appspot.com\"}","GCLOUD_PROJECT":"mail-mate"},"runtime":"nodejs14","ingressSettings":"ALLOW_ALL","buildId":"9062eb73-7c51-4ca6-8caf-ba4b66b3eac0","buildName":"projects/992200101366/locations/us-central1/builds/9062eb73-7c51-4ca6-8caf-ba4b66b3eac0"},"versionId":"4","updateTime":"2021-10-08T18:02:25Z","buildId":"893d650a-f28e-4e79-81e1-4da35a103352","buildName":"projects/992200101366/locations/us-central1/builds/893d650a-f28e-4e79-81e1-4da35a103352"}}
[debug] [2021-10-08T18:02:34.459Z] [update-projects/mail-mate/locations/us-central1/functions/api] Retrying task index 0
[debug] [2021-10-08T18:02:34.460Z] >>> [apiv2][query] GET https://cloudfunctions.googleapis.com/v1/operations/bWFpbC1tYXRlL3VzLWNlbnRyYWwxL2FwaS9ramJ6cU1pZ1VsWQ [none]
[debug] [2021-10-08T18:02:34.849Z] <<< [apiv2][status] GET https://cloudfunctions.googleapis.com/v1/operations/bWFpbC1tYXRlL3VzLWNlbnRyYWwxL2FwaS9ramJ6cU1pZ1VsWQ 200
[debug] [2021-10-08T18:02:34.849Z] <<< [apiv2][body] GET https://cloudfunctions.googleapis.com/v1/operations/bWFpbC1tYXRlL3VzLWNlbnRyYWwxL2FwaS9ramJ6cU1pZ1VsWQ {"name":"operations/bWFpbC1tYXRlL3VzLWNlbnRyYWwxL2FwaS9ramJ6cU1pZ1VsWQ","metadata":{"@type":"type.googleapis.com/google.cloud.functions.v1.OperationMetadataV1","target":"projects/mail-mate/locations/us-central1/functions/api","type":"UPDATE_FUNCTION","request":{"@type":"type.googleapis.com/google.cloud.functions.v1.CloudFunction","name":"projects/mail-mate/locations/us-central1/functions/api","httpsTrigger":{},"status":"OFFLINE","entryPoint":"api","timeout":"60s","availableMemoryMb":256,"serviceAccountEmail":"mail-mate@appspot.gserviceaccount.com","updateTime":"2021-10-08T16:54:21.755Z","versionId":"3","labels":{"deployment-tool":"cli-firebase"},"sourceUploadUrl":"https://storage.googleapis.com/gcf-upload-us-central1-0a84b1d3-cd14-4124-a800-759c94c4a64f/87a40b26-8767-431c-9427-492a1c899656.zip?GoogleAccessId=service-992200101366@gcf-admin-robot.iam.gserviceaccount.com&Expires=1633717944&Signature=Gb5ELHteNX4dBhYXco8ReYzy0IeYy1BaTLkM%2BAmbCCO80w%2FRsyH357QyNO1GxWTGOYabPFEMMaTtDJMc%2BDEpk96BXcvajAWSbp59POf24Rg9g%2FG631Aq77oam18tlQ4vrLWOmoPF5IGrtBGPbZuTvq6LWsv%2BB1X6jNGYPv%2FCuR8PJiVNnap56mbKhzifghZ42GFfYXK%2FHkQDXzoZxychZ6l77oZUUTrHwntvAqH17vTuaeWLV4uOdt5V5pRcsBfmoR0FgkaIpuI0cZ5IKNlMhfN8wBDL2db%2Ba2IN%2Bu%2Bewk2Ea3jNjn8kb6Utl0xYFkfCN2N4Y%2BP3k0r08%2FuXKDB29g%3D%3D","environmentVariables":{"FIREBASE_CONFIG":"{\"projectId\":\"mail-mate\",\"databaseURL\":\"https://mail-mate-default-rtdb.firebaseio.com\",\"storageBucket\":\"mail-mate.appspot.com\"}","GCLOUD_PROJECT":"mail-mate"},"runtime":"nodejs14","ingressSettings":"ALLOW_ALL","buildId":"9062eb73-7c51-4ca6-8caf-ba4b66b3eac0","buildName":"projects/992200101366/locations/us-central1/builds/9062eb73-7c51-4ca6-8caf-ba4b66b3eac0"},"versionId":"4","updateTime":"2021-10-08T18:02:25Z","buildId":"893d650a-f28e-4e79-81e1-4da35a103352","buildName":"projects/992200101366/locations/us-central1/builds/893d650a-f28e-4e79-81e1-4da35a103352"}}
[debug] [2021-10-08T18:02:42.851Z] [update-projects/mail-mate/locations/us-central1/functions/api] Retrying task index 0
[debug] [2021-10-08T18:02:42.852Z] >>> [apiv2][query] GET https://cloudfunctions.googleapis.com/v1/operations/bWFpbC1tYXRlL3VzLWNlbnRyYWwxL2FwaS9ramJ6cU1pZ1VsWQ [none]
[debug] [2021-10-08T18:02:43.253Z] <<< [apiv2][status] GET https://cloudfunctions.googleapis.com/v1/operations/bWFpbC1tYXRlL3VzLWNlbnRyYWwxL2FwaS9ramJ6cU1pZ1VsWQ 200
[debug] [2021-10-08T18:02:43.253Z] <<< [apiv2][body] GET https://cloudfunctions.googleapis.com/v1/operations/bWFpbC1tYXRlL3VzLWNlbnRyYWwxL2FwaS9ramJ6cU1pZ1VsWQ {"name":"operations/bWFpbC1tYXRlL3VzLWNlbnRyYWwxL2FwaS9ramJ6cU1pZ1VsWQ","metadata":{"@type":"type.googleapis.com/google.cloud.functions.v1.OperationMetadataV1","target":"projects/mail-mate/locations/us-central1/functions/api","type":"UPDATE_FUNCTION","request":{"@type":"type.googleapis.com/google.cloud.functions.v1.CloudFunction","name":"projects/mail-mate/locations/us-central1/functions/api","httpsTrigger":{},"status":"OFFLINE","entryPoint":"api","timeout":"60s","availableMemoryMb":256,"serviceAccountEmail":"mail-mate@appspot.gserviceaccount.com","updateTime":"2021-10-08T16:54:21.755Z","versionId":"3","labels":{"deployment-tool":"cli-firebase"},"sourceUploadUrl":"https://storage.googleapis.com/gcf-upload-us-central1-0a84b1d3-cd14-4124-a800-759c94c4a64f/87a40b26-8767-431c-9427-492a1c899656.zip?GoogleAccessId=service-992200101366@gcf-admin-robot.iam.gserviceaccount.com&Expires=1633717944&Signature=Gb5ELHteNX4dBhYXco8ReYzy0IeYy1BaTLkM%2BAmbCCO80w%2FRsyH357QyNO1GxWTGOYabPFEMMaTtDJMc%2BDEpk96BXcvajAWSbp59POf24Rg9g%2FG631Aq77oam18tlQ4vrLWOmoPF5IGrtBGPbZuTvq6LWsv%2BB1X6jNGYPv%2FCuR8PJiVNnap56mbKhzifghZ42GFfYXK%2FHkQDXzoZxychZ6l77oZUUTrHwntvAqH17vTuaeWLV4uOdt5V5pRcsBfmoR0FgkaIpuI0cZ5IKNlMhfN8wBDL2db%2Ba2IN%2Bu%2Bewk2Ea3jNjn8kb6Utl0xYFkfCN2N4Y%2BP3k0r08%2FuXKDB29g%3D%3D","environmentVariables":{"FIREBASE_CONFIG":"{\"projectId\":\"mail-mate\",\"databaseURL\":\"https://mail-mate-default-rtdb.firebaseio.com\",\"storageBucket\":\"mail-mate.appspot.com\"}","GCLOUD_PROJECT":"mail-mate"},"runtime":"nodejs14","ingressSettings":"ALLOW_ALL","buildId":"9062eb73-7c51-4ca6-8caf-ba4b66b3eac0","buildName":"projects/992200101366/locations/us-central1/builds/9062eb73-7c51-4ca6-8caf-ba4b66b3eac0"},"versionId":"4","updateTime":"2021-10-08T18:02:25Z","buildId":"893d650a-f28e-4e79-81e1-4da35a103352","buildName":"projects/992200101366/locations/us-central1/builds/893d650a-f28e-4e79-81e1-4da35a103352"}}
[debug] [2021-10-08T18:02:59.264Z] [update-projects/mail-mate/locations/us-central1/functions/api] Retrying task index 0
[debug] [2021-10-08T18:02:59.265Z] >>> [apiv2][query] GET https://cloudfunctions.googleapis.com/v1/operations/bWFpbC1tYXRlL3VzLWNlbnRyYWwxL2FwaS9ramJ6cU1pZ1VsWQ [none]
[debug] [2021-10-08T18:02:59.668Z] <<< [apiv2][status] GET https://cloudfunctions.googleapis.com/v1/operations/bWFpbC1tYXRlL3VzLWNlbnRyYWwxL2FwaS9ramJ6cU1pZ1VsWQ 200
[debug] [2021-10-08T18:02:59.669Z] <<< [apiv2][body] GET https://cloudfunctions.googleapis.com/v1/operations/bWFpbC1tYXRlL3VzLWNlbnRyYWwxL2FwaS9ramJ6cU1pZ1VsWQ {"name":"operations/bWFpbC1tYXRlL3VzLWNlbnRyYWwxL2FwaS9ramJ6cU1pZ1VsWQ","metadata":{"@type":"type.googleapis.com/google.cloud.functions.v1.OperationMetadataV1","target":"projects/mail-mate/locations/us-central1/functions/api","type":"UPDATE_FUNCTION","request":{"@type":"type.googleapis.com/google.cloud.functions.v1.CloudFunction","name":"projects/mail-mate/locations/us-central1/functions/api","httpsTrigger":{},"status":"OFFLINE","entryPoint":"api","timeout":"60s","availableMemoryMb":256,"serviceAccountEmail":"mail-mate@appspot.gserviceaccount.com","updateTime":"2021-10-08T16:54:21.755Z","versionId":"3","labels":{"deployment-tool":"cli-firebase"},"sourceUploadUrl":"https://storage.googleapis.com/gcf-upload-us-central1-0a84b1d3-cd14-4124-a800-759c94c4a64f/87a40b26-8767-431c-9427-492a1c899656.zip?GoogleAccessId=service-992200101366@gcf-admin-robot.iam.gserviceaccount.com&Expires=1633717944&Signature=Gb5ELHteNX4dBhYXco8ReYzy0IeYy1BaTLkM%2BAmbCCO80w%2FRsyH357QyNO1GxWTGOYabPFEMMaTtDJMc%2BDEpk96BXcvajAWSbp59POf24Rg9g%2FG631Aq77oam18tlQ4vrLWOmoPF5IGrtBGPbZuTvq6LWsv%2BB1X6jNGYPv%2FCuR8PJiVNnap56mbKhzifghZ42GFfYXK%2FHkQDXzoZxychZ6l77oZUUTrHwntvAqH17vTuaeWLV4uOdt5V5pRcsBfmoR0FgkaIpuI0cZ5IKNlMhfN8wBDL2db%2Ba2IN%2Bu%2Bewk2Ea3jNjn8kb6Utl0xYFkfCN2N4Y%2BP3k0r08%2FuXKDB29g%3D%3D","environmentVariables":{"FIREBASE_CONFIG":"{\"projectId\":\"mail-mate\",\"databaseURL\":\"https://mail-mate-default-rtdb.firebaseio.com\",\"storageBucket\":\"mail-mate.appspot.com\"}","GCLOUD_PROJECT":"mail-mate"},"runtime":"nodejs14","ingressSettings":"ALLOW_ALL","buildId":"9062eb73-7c51-4ca6-8caf-ba4b66b3eac0","buildName":"projects/992200101366/locations/us-central1/builds/9062eb73-7c51-4ca6-8caf-ba4b66b3eac0"},"versionId":"4","updateTime":"2021-10-08T18:02:25Z","buildId":"893d650a-f28e-4e79-81e1-4da35a103352","buildName":"projects/992200101366/locations/us-central1/builds/893d650a-f28e-4e79-81e1-4da35a103352"}}
[debug] [2021-10-08T18:03:31.683Z] [update-projects/mail-mate/locations/us-central1/functions/api] Retrying task index 0
[debug] [2021-10-08T18:03:31.683Z] >>> [apiv2][query] GET https://cloudfunctions.googleapis.com/v1/operations/bWFpbC1tYXRlL3VzLWNlbnRyYWwxL2FwaS9ramJ6cU1pZ1VsWQ [none]
[debug] [2021-10-08T18:03:32.087Z] <<< [apiv2][status] GET https://cloudfunctions.googleapis.com/v1/operations/bWFpbC1tYXRlL3VzLWNlbnRyYWwxL2FwaS9ramJ6cU1pZ1VsWQ 200
[debug] [2021-10-08T18:03:32.087Z] <<< [apiv2][body] GET https://cloudfunctions.googleapis.com/v1/operations/bWFpbC1tYXRlL3VzLWNlbnRyYWwxL2FwaS9ramJ6cU1pZ1VsWQ {"name":"operations/bWFpbC1tYXRlL3VzLWNlbnRyYWwxL2FwaS9ramJ6cU1pZ1VsWQ","metadata":{"@type":"type.googleapis.com/google.cloud.functions.v1.OperationMetadataV1","target":"projects/mail-mate/locations/us-central1/functions/api","type":"UPDATE_FUNCTION","request":{"@type":"type.googleapis.com/google.cloud.functions.v1.CloudFunction","name":"projects/mail-mate/locations/us-central1/functions/api","httpsTrigger":{},"status":"OFFLINE","entryPoint":"api","timeout":"60s","availableMemoryMb":256,"serviceAccountEmail":"mail-mate@appspot.gserviceaccount.com","updateTime":"2021-10-08T16:54:21.755Z","versionId":"3","labels":{"deployment-tool":"cli-firebase"},"sourceUploadUrl":"https://storage.googleapis.com/gcf-upload-us-central1-0a84b1d3-cd14-4124-a800-759c94c4a64f/87a40b26-8767-431c-9427-492a1c899656.zip?GoogleAccessId=service-992200101366@gcf-admin-robot.iam.gserviceaccount.com&Expires=1633717944&Signature=Gb5ELHteNX4dBhYXco8ReYzy0IeYy1BaTLkM%2BAmbCCO80w%2FRsyH357QyNO1GxWTGOYabPFEMMaTtDJMc%2BDEpk96BXcvajAWSbp59POf24Rg9g%2FG631Aq77oam18tlQ4vrLWOmoPF5IGrtBGPbZuTvq6LWsv%2BB1X6jNGYPv%2FCuR8PJiVNnap56mbKhzifghZ42GFfYXK%2FHkQDXzoZxychZ6l77oZUUTrHwntvAqH17vTuaeWLV4uOdt5V5pRcsBfmoR0FgkaIpuI0cZ5IKNlMhfN8wBDL2db%2Ba2IN%2Bu%2Bewk2Ea3jNjn8kb6Utl0xYFkfCN2N4Y%2BP3k0r08%2FuXKDB29g%3D%3D","environmentVariables":{"FIREBASE_CONFIG":"{\"projectId\":\"mail-mate\",\"databaseURL\":\"https://mail-mate-default-rtdb.firebaseio.com\",\"storageBucket\":\"mail-mate.appspot.com\"}","GCLOUD_PROJECT":"mail-mate"},"runtime":"nodejs14","ingressSettings":"ALLOW_ALL","buildId":"9062eb73-7c51-4ca6-8caf-ba4b66b3eac0","buildName":"projects/992200101366/locations/us-central1/builds/9062eb73-7c51-4ca6-8caf-ba4b66b3eac0"},"versionId":"4","updateTime":"2021-10-08T18:02:25Z","buildId":"893d650a-f28e-4e79-81e1-4da35a103352","buildName":"projects/992200101366/locations/us-central1/builds/893d650a-f28e-4e79-81e1-4da35a103352"}}
[debug] [2021-10-08T18:04:35.404Z] ----------------------------------------------------------------------
[debug] [2021-10-08T18:04:35.407Z] Command:       C:\Program Files\nodejs\node.exe C:\Users\hp\AppData\Roaming\npm\node_modules\firebase-tools\lib\bin\firebase.js deploy --only functions
[debug] [2021-10-08T18:04:35.408Z] CLI Version:   9.20.0
[debug] [2021-10-08T18:04:35.408Z] Platform:      win32
[debug] [2021-10-08T18:04:35.408Z] Node Version:  v14.17.3
[debug] [2021-10-08T18:04:35.410Z] Time:          Fri Oct 08 2021 23:34:35 GMT+0530 (India Standard Time)
[debug] [2021-10-08T18:04:35.410Z] ----------------------------------------------------------------------
[debug] 
[debug] [2021-10-08T18:04:35.501Z] > command requires scopes: ["email","openid","https://www.googleapis.com/auth/cloudplatformprojects.readonly","https://www.googleapis.com/auth/firebase","https://www.googleapis.com/auth/cloud-platform"]
[debug] [2021-10-08T18:04:35.501Z] > authorizing via signed-in user (emmanueldavid1320@gmail.com)
[debug] [2021-10-08T18:04:35.501Z] [iam] checking project mail-mate for permissions ["cloudfunctions.functions.create","cloudfunctions.functions.delete","cloudfunctions.functions.get","cloudfunctions.functions.list","cloudfunctions.functions.update","cloudfunctions.operations.get","firebase.projects.get"]
[debug] [2021-10-08T18:04:35.505Z] > refreshing access token with scopes: ["email","https://www.googleapis.com/auth/cloud-platform","https://www.googleapis.com/auth/cloudplatformprojects.readonly","https://www.googleapis.com/auth/firebase","openid"]
[debug] [2021-10-08T18:04:35.505Z] >>> HTTP REQUEST POST https://www.googleapis.com/oauth2/v3/token  
 <request body omitted>
[debug] [2021-10-08T18:04:35.750Z] <<< HTTP RESPONSE 200 {"date":"Fri, 08 Oct 2021 18:04:36 GMT","cache-control":"no-cache, no-store, max-age=0, must-revalidate","expires":"Mon, 01 Jan 1990 00:00:00 GMT","pragma":"no-cache","content-type":"application/json; charset=utf-8","vary":"X-Origin, Referer, Origin,Accept-Encoding","server":"scaffolding on HTTPServer2","x-xss-protection":"0","x-frame-options":"SAMEORIGIN","x-content-type-options":"nosniff","alt-svc":"h3=\":443\"; ma=2592000,h3-29=\":443\"; ma=2592000,h3-T051=\":443\"; ma=2592000,h3-Q050=\":443\"; ma=2592000,h3-Q046=\":443\"; ma=2592000,h3-Q043=\":443\"; ma=2592000,quic=\":443\"; ma=2592000; v=\"46,43\"","accept-ranges":"none","transfer-encoding":"chunked"}
[debug] [2021-10-08T18:04:35.778Z] >>> HTTP REQUEST POST https://cloudresourcemanager.googleapis.com/v1/projects/mail-mate:testIamPermissions  
 {"permissions":["cloudfunctions.functions.create","cloudfunctions.functions.delete","cloudfunctions.functions.get","cloudfunctions.functions.list","cloudfunctions.functions.update","cloudfunctions.operations.get","firebase.projects.get"]}
[debug] [2021-10-08T18:04:37.102Z] <<< HTTP RESPONSE 200 {"content-type":"application/json; charset=UTF-8","vary":"X-Origin, Referer, Origin,Accept-Encoding","date":"Fri, 08 Oct 2021 18:04:37 GMT","server":"ESF","cache-control":"private","x-xss-protection":"0","x-frame-options":"SAMEORIGIN","x-content-type-options":"nosniff","server-timing":"gfet4t7; dur=1165","alt-svc":"h3=\":443\"; ma=2592000,h3-29=\":443\"; ma=2592000,h3-T051=\":443\"; ma=2592000,h3-Q050=\":443\"; ma=2592000,h3-Q046=\":443\"; ma=2592000,h3-Q043=\":443\"; ma=2592000,quic=\":443\"; ma=2592000; v=\"46,43\"","accept-ranges":"none","transfer-encoding":"chunked"}
[debug] [2021-10-08T18:04:37.105Z] >>> HTTP REQUEST POST https://iam.googleapis.com/v1/projects/mail-mate/serviceAccounts/mail-mate@appspot.gserviceaccount.com:testIamPermissions  
 {"permissions":["iam.serviceAccounts.actAs"]}
